{"total": {"lines":{"total":68,"covered":65,"skipped":0,"pct":95.58},"statements":{"total":78,"covered":75,"skipped":0,"pct":96.15},"functions":{"total":25,"covered":24,"skipped":0,"pct":96},"branches":{"total":11,"covered":11,"skipped":0,"pct":100},"branchesTrue":{"total":0,"covered":0,"skipped":0,"pct":100}}
,"/Users/lucasnascimento/Documents/projetos/labs/honojs-typescript/src/application/user.service.ts": {"lines":{"total":15,"covered":13,"skipped":0,"pct":86.66},"functions":{"total":3,"covered":3,"skipped":0,"pct":100},"statements":{"total":20,"covered":18,"skipped":0,"pct":90},"branches":{"total":5,"covered":5,"skipped":0,"pct":100}}
,"/Users/lucasnascimento/Documents/projetos/labs/honojs-typescript/src/application/command/CreateUserHandler.ts": {"lines":{"total":13,"covered":13,"skipped":0,"pct":100},"functions":{"total":3,"covered":3,"skipped":0,"pct":100},"statements":{"total":14,"covered":14,"skipped":0,"pct":100},"branches":{"total":2,"covered":2,"skipped":0,"pct":100}}
,"/Users/lucasnascimento/Documents/projetos/labs/honojs-typescript/src/application/command/DeleteUserHandler.ts": {"lines":{"total":5,"covered":5,"skipped":0,"pct":100},"functions":{"total":3,"covered":3,"skipped":0,"pct":100},"statements":{"total":5,"covered":5,"skipped":0,"pct":100},"branches":{"total":0,"covered":0,"skipped":0,"pct":100}}
,"/Users/lucasnascimento/Documents/projetos/labs/honojs-typescript/src/application/command/UpdateUserCommand.ts": {"lines":{"total":2,"covered":2,"skipped":0,"pct":100},"functions":{"total":1,"covered":1,"skipped":0,"pct":100},"statements":{"total":4,"covered":4,"skipped":0,"pct":100},"branches":{"total":0,"covered":0,"skipped":0,"pct":100}}
,"/Users/lucasnascimento/Documents/projetos/labs/honojs-typescript/src/application/command/UpdateUserHandler.ts": {"lines":{"total":7,"covered":7,"skipped":0,"pct":100},"functions":{"total":3,"covered":3,"skipped":0,"pct":100},"statements":{"total":9,"covered":9,"skipped":0,"pct":100},"branches":{"total":0,"covered":0,"skipped":0,"pct":100}}
,"/Users/lucasnascimento/Documents/projetos/labs/honojs-typescript/src/application/query/GetUserHandler.ts": {"lines":{"total":5,"covered":5,"skipped":0,"pct":100},"functions":{"total":3,"covered":3,"skipped":0,"pct":100},"statements":{"total":5,"covered":5,"skipped":0,"pct":100},"branches":{"total":0,"covered":0,"skipped":0,"pct":100}}
,"/Users/lucasnascimento/Documents/projetos/labs/honojs-typescript/src/application/query/ListUsersHandler.ts": {"lines":{"total":4,"covered":4,"skipped":0,"pct":100},"functions":{"total":2,"covered":2,"skipped":0,"pct":100},"statements":{"total":4,"covered":4,"skipped":0,"pct":100},"branches":{"total":0,"covered":0,"skipped":0,"pct":100}}
,"/Users/lucasnascimento/Documents/projetos/labs/honojs-typescript/src/infrastructure/user.repository.ts": {"lines":{"total":17,"covered":16,"skipped":0,"pct":94.11},"functions":{"total":7,"covered":6,"skipped":0,"pct":85.71},"statements":{"total":17,"covered":16,"skipped":0,"pct":94.11},"branches":{"total":4,"covered":4,"skipped":0,"pct":100}}
}
